[debug] [2023-12-22T18:59:08.670Z] ----------------------------------------------------------------------
[debug] [2023-12-22T18:59:08.671Z] Command:       C:\Program Files\nodejs\node.exe C:\Users\jpedr_6vnes5o\AppData\Roaming\npm\node_modules\firebase-tools\lib\bin\firebase.js init
[debug] [2023-12-22T18:59:08.672Z] CLI Version:   13.0.2
[debug] [2023-12-22T18:59:08.672Z] Platform:      win32
[debug] [2023-12-22T18:59:08.672Z] Node Version:  v18.17.1
[debug] [2023-12-22T18:59:08.672Z] Time:          Fri Dec 22 2023 15:59:08 GMT-0300 (Horário Padrão de Brasília)
[debug] [2023-12-22T18:59:08.673Z] ----------------------------------------------------------------------
[debug] 
[debug] [2023-12-22T18:59:08.675Z] >>> [apiv2][query] GET https://firebase-public.firebaseio.com/cli.json [none]
[debug] [2023-12-22T18:59:08.704Z] > command requires scopes: ["email","openid","https://www.googleapis.com/auth/cloudplatformprojects.readonly","https://www.googleapis.com/auth/firebase","https://www.googleapis.com/auth/cloud-platform"]
[debug] [2023-12-22T18:59:08.705Z] > authorizing via signed-in user (jpedrosncruz@gmail.com)
[info] 
     ######## #### ########  ######## ########     ###     ######  ########
     ##        ##  ##     ## ##       ##     ##  ##   ##  ##       ##
     ######    ##  ########  ######   ########  #########  ######  ######
     ##        ##  ##    ##  ##       ##     ## ##     ##       ## ##
     ##       #### ##     ## ######## ########  ##     ##  ######  ########

You're about to initialize a Firebase project in this directory:

  C:\Users\jpedr_6vnes5o\Documents\GitHub\projetoReact\fdreact

[debug] [2023-12-22T18:59:09.080Z] <<< [apiv2][status] GET https://firebase-public.firebaseio.com/cli.json 200
[debug] [2023-12-22T18:59:09.080Z] <<< [apiv2][body] GET https://firebase-public.firebaseio.com/cli.json {"cloudBuildErrorAfter":1594252800000,"cloudBuildWarnAfter":1590019200000,"defaultNode10After":1594252800000,"minVersion":"3.0.5","node8DeploysDisabledAfter":1613390400000,"node8RuntimeDisabledAfter":1615809600000,"node8WarnAfter":1600128000000}
[info] 
=== Project Setup
[info] 
[info] First, let's associate this project directory with a Firebase project.
[info] You can create multiple project aliases by running firebase use --add, 
[info] but for now we'll just set up a default project.
[info] 
[debug] [2023-12-22T18:59:36.263Z] > refreshing access token with scopes: []
[debug] [2023-12-22T18:59:36.264Z] >>> [apiv2][query] POST https://www.googleapis.com/oauth2/v3/token [none]
[debug] [2023-12-22T18:59:36.264Z] >>> [apiv2][body] POST https://www.googleapis.com/oauth2/v3/token [omitted]
[debug] [2023-12-22T18:59:36.459Z] <<< [apiv2][status] POST https://www.googleapis.com/oauth2/v3/token 200
[debug] [2023-12-22T18:59:36.459Z] <<< [apiv2][body] POST https://www.googleapis.com/oauth2/v3/token [omitted]
[debug] [2023-12-22T18:59:36.476Z] >>> [apiv2][query] GET https://firebase.googleapis.com/v1beta1/projects pageSize=100
[debug] [2023-12-22T18:59:37.099Z] <<< [apiv2][status] GET https://firebase.googleapis.com/v1beta1/projects 200
[debug] [2023-12-22T18:59:37.099Z] <<< [apiv2][body] GET https://firebase.googleapis.com/v1beta1/projects [omitted]
[info] i  Using project feedback-about-me (Feedback About Me) 
[info] 
=== Firestore Setup
[debug] [2023-12-22T18:59:39.833Z] >>> [apiv2][query] GET https://serviceusage.googleapis.com/v1/projects/feedback-about-me/services/firestore.googleapis.com [none]
[debug] [2023-12-22T18:59:39.833Z] >>> [apiv2][(partial)header] GET https://serviceusage.googleapis.com/v1/projects/feedback-about-me/services/firestore.googleapis.com x-goog-quota-user=projects/feedback-about-me
[debug] [2023-12-22T18:59:40.991Z] <<< [apiv2][status] GET https://serviceusage.googleapis.com/v1/projects/feedback-about-me/services/firestore.googleapis.com 200
[debug] [2023-12-22T18:59:40.991Z] <<< [apiv2][body] GET https://serviceusage.googleapis.com/v1/projects/feedback-about-me/services/firestore.googleapis.com [omitted]
[debug] [2023-12-22T18:59:40.992Z] >>> [apiv2][query] GET https://firestore.googleapis.com/v1/projects/feedback-about-me/databases/(default) [none]
[debug] [2023-12-22T18:59:41.233Z] <<< [apiv2][status] GET https://firestore.googleapis.com/v1/projects/feedback-about-me/databases/(default) 200
[debug] [2023-12-22T18:59:41.234Z] <<< [apiv2][body] GET https://firestore.googleapis.com/v1/projects/feedback-about-me/databases/(default) {"name":"projects/feedback-about-me/databases/(default)","uid":"a6703a66-52d2-4c8b-960f-dddde6873143","createTime":"2023-12-22T18:54:11.054117Z","updateTime":"2023-12-22T18:54:11.054117Z","locationId":"southamerica-east1","type":"FIRESTORE_NATIVE","concurrencyMode":"PESSIMISTIC","versionRetentionPeriod":"3600s","earliestVersionTime":"2023-12-22T18:54:11.054117Z","appEngineIntegrationMode":"DISABLED","keyPrefix":"i","pointInTimeRecoveryEnablement":"POINT_IN_TIME_RECOVERY_DISABLED","deleteProtectionState":"DELETE_PROTECTION_DISABLED","etag":"IIiGwJTdo4MDMKWcgO/bo4MD"}
[debug] [2023-12-22T18:59:41.234Z] database_type: FIRESTORE_NATIVE
[debug] [2023-12-22T18:59:41.234Z] > command requires scopes: ["email","openid","https://www.googleapis.com/auth/cloudplatformprojects.readonly","https://www.googleapis.com/auth/firebase","https://www.googleapis.com/auth/cloud-platform"]
[debug] [2023-12-22T18:59:41.234Z] > authorizing via signed-in user (jpedrosncruz@gmail.com)
[debug] [2023-12-22T18:59:41.234Z] [iam] checking project feedback-about-me for permissions ["firebase.projects.get"]
[debug] [2023-12-22T18:59:41.235Z] >>> [apiv2][query] POST https://cloudresourcemanager.googleapis.com/v1/projects/feedback-about-me:testIamPermissions [none]
[debug] [2023-12-22T18:59:41.235Z] >>> [apiv2][(partial)header] POST https://cloudresourcemanager.googleapis.com/v1/projects/feedback-about-me:testIamPermissions x-goog-quota-user=projects/feedback-about-me
[debug] [2023-12-22T18:59:41.235Z] >>> [apiv2][body] POST https://cloudresourcemanager.googleapis.com/v1/projects/feedback-about-me:testIamPermissions {"permissions":["firebase.projects.get"]}
[debug] [2023-12-22T18:59:42.245Z] <<< [apiv2][status] POST https://cloudresourcemanager.googleapis.com/v1/projects/feedback-about-me:testIamPermissions 200
[debug] [2023-12-22T18:59:42.245Z] <<< [apiv2][body] POST https://cloudresourcemanager.googleapis.com/v1/projects/feedback-about-me:testIamPermissions {"permissions":["firebase.projects.get"]}
[info] 
[info] Firestore Security Rules allow you to define how and when to allow
[info] requests. You can keep these rules in your project directory
[info] and publish them with firebase deploy.
[info] 
[debug] [2023-12-22T19:00:09.856Z] >>> [apiv2][query] GET https://firebaserules.googleapis.com/v1/projects/feedback-about-me/releases pageSize=10&pageToken=
[debug] [2023-12-22T19:00:10.890Z] <<< [apiv2][status] GET https://firebaserules.googleapis.com/v1/projects/feedback-about-me/releases 200
[debug] [2023-12-22T19:00:10.890Z] <<< [apiv2][body] GET https://firebaserules.googleapis.com/v1/projects/feedback-about-me/releases {"releases":[{"name":"projects/feedback-about-me/releases/cloud.firestore","rulesetName":"projects/feedback-about-me/rulesets/eeb16643-cb85-4234-a092-c59d52cdca66","createTime":"2023-12-22T18:54:18.236169Z","updateTime":"2023-12-22T18:56:09.658381Z"}]}
[debug] [2023-12-22T19:00:10.890Z] Found ruleset: projects/feedback-about-me/rulesets/eeb16643-cb85-4234-a092-c59d52cdca66
[debug] [2023-12-22T19:00:10.891Z] >>> [apiv2][query] GET https://firebaserules.googleapis.com/v1/projects/feedback-about-me/rulesets/eeb16643-cb85-4234-a092-c59d52cdca66 [none]
[debug] [2023-12-22T19:00:11.839Z] <<< [apiv2][status] GET https://firebaserules.googleapis.com/v1/projects/feedback-about-me/rulesets/eeb16643-cb85-4234-a092-c59d52cdca66 200
[debug] [2023-12-22T19:00:11.839Z] <<< [apiv2][body] GET https://firebaserules.googleapis.com/v1/projects/feedback-about-me/rulesets/eeb16643-cb85-4234-a092-c59d52cdca66 [omitted]
[info] 
[info] Firestore indexes allow you to perform complex queries while
[info] maintaining performance that scales with the size of the result
[info] set. You can keep index definitions in your project directory
[info] and publish them with firebase deploy.
[info] 
[debug] [2023-12-22T19:00:14.830Z] >>> [apiv2][query] GET https://firestore.googleapis.com/v1/projects/feedback-about-me/databases/(default)/collectionGroups/-/indexes [none]
[debug] [2023-12-22T19:00:14.832Z] >>> [apiv2][query] GET https://firestore.googleapis.com/v1/projects/feedback-about-me/databases/(default)/collectionGroups/-/fields?filter=indexConfig.usesAncestorConfig=false OR ttlConfig:* [none]
[debug] [2023-12-22T19:00:14.985Z] <<< [apiv2][status] GET https://firestore.googleapis.com/v1/projects/feedback-about-me/databases/(default)/collectionGroups/-/indexes 200
[debug] [2023-12-22T19:00:14.985Z] <<< [apiv2][body] GET https://firestore.googleapis.com/v1/projects/feedback-about-me/databases/(default)/collectionGroups/-/indexes {}
[debug] [2023-12-22T19:00:17.730Z] <<< [apiv2][status] GET https://firestore.googleapis.com/v1/projects/feedback-about-me/databases/(default)/collectionGroups/-/fields?filter=indexConfig.usesAncestorConfig=false OR ttlConfig:* 200
[debug] [2023-12-22T19:00:17.730Z] <<< [apiv2][body] GET https://firestore.googleapis.com/v1/projects/feedback-about-me/databases/(default)/collectionGroups/-/fields?filter=indexConfig.usesAncestorConfig=false OR ttlConfig:* {"fields":[{"name":"projects/feedback-about-me/databases/(default)/collectionGroups/__default__/fields/*","indexConfig":{"indexes":[{"queryScope":"COLLECTION","fields":[{"fieldPath":"*","order":"ASCENDING"}],"state":"READY"},{"queryScope":"COLLECTION","fields":[{"fieldPath":"*","order":"DESCENDING"}],"state":"READY"},{"queryScope":"COLLECTION","fields":[{"fieldPath":"*","arrayConfig":"CONTAINS"}],"state":"READY"}]}}]}
[info] 
=== Hosting Setup
[debug] [2023-12-22T19:00:17.733Z] >>> [apiv2][query] GET https://firebase.googleapis.com/v1beta1/projects/feedback-about-me [none]
[debug] [2023-12-22T19:00:18.155Z] <<< [apiv2][status] GET https://firebase.googleapis.com/v1beta1/projects/feedback-about-me 200
[debug] [2023-12-22T19:00:18.155Z] <<< [apiv2][body] GET https://firebase.googleapis.com/v1beta1/projects/feedback-about-me {"projectId":"feedback-about-me","projectNumber":"43875577855","displayName":"Feedback About Me","name":"projects/feedback-about-me","resources":{"hostingSite":"feedback-about-me"},"state":"ACTIVE","etag":"1_2feaea87-e8db-4e36-b2f4-07792388e397"}
[info] 
[info] Your public directory is the folder (relative to your project directory) that
[info] will contain Hosting assets to be uploaded with firebase deploy. If you
[info] have a build process for your assets, use your build's output directory.
[info] 
[debug] [2023-12-22T19:00:50.384Z] >>> [apiv2][query] GET https://www.gstatic.com/firebasejs/releases.json [none]
[debug] [2023-12-22T19:00:50.570Z] <<< [apiv2][status] GET https://www.gstatic.com/firebasejs/releases.json 200
[debug] [2023-12-22T19:00:50.570Z] <<< [apiv2][body] GET https://www.gstatic.com/firebasejs/releases.json {"current":{"version":"10.7.1","browserURL":"https://www.gstatic.com/firebasejs/10.7.1/firebase.js","packageURL":"https://www.gstatic.com/firebasejs/10.7.1/firebase.tgz"},"live":{"version":"10.7","browserURL":"https://www.gstatic.com/firebasejs/live/10.7/firebase.js","packageURL":"https://www.gstatic.com/firebasejs/live/10.7/firebase.tgz"},"components":{"analytics":"https://www.gstatic.com/firebasejs/10.7.1/firebase-analytics.js","app":"https://www.gstatic.com/firebasejs/10.7.1/firebase-app.js","app-check":"https://www.gstatic.com/firebasejs/10.7.1/firebase-app-check.js","auth":"https://www.gstatic.com/firebasejs/10.7.1/firebase-auth.js","auth/cordova":"https://www.gstatic.com/firebasejs/10.7.1/firebase-auth/cordova.js","functions":"https://www.gstatic.com/firebasejs/10.7.1/firebase-functions.js","firestore":"https://www.gstatic.com/firebasejs/10.7.1/firebase-firestore.js","firestore/lite":"https://www.gstatic.com/firebasejs/10.7.1/firebase-firestore/lite.js","installations":"https://www.gstatic.com/firebasejs/10.7.1/firebase-installations.js","storage":"https://www.gstatic.com/firebasejs/10.7.1/firebase-storage.js","performance":"https://www.gstatic.com/firebasejs/10.7.1/firebase-performance.js","remote-config":"https://www.gstatic.com/firebasejs/10.7.1/firebase-remote-config.js","messaging":"https://www.gstatic.com/firebasejs/10.7.1/firebase-messaging.js","messaging/sw":"https://www.gstatic.com/firebasejs/10.7.1/firebase-messaging/sw.js","database":"https://www.gstatic.com/firebasejs/10.7.1/firebase-database.js","firestore.memory":"https://www.gstatic.com/firebasejs/10.7.1/firebase-firestore.memory.js"}}
[info] +  Wrote build/index.html 
[info] 
[info] i  Detected a .git folder at C:\Users\jpedr_6vnes5o\Documents\GitHub\projetoReact\fdreact 
[info] i  Authorizing with GitHub to upload your service account to a GitHub repository's secrets store. 
[info] 
[info] Visit this URL on this device to log in:
[info] https://github.com/login/oauth/authorize?client_id=89cf50f02ac6aaed3484&state=690447454&redirect_uri=http%3A%2F%2Flocalhost%3A9005&scope=read%3Auser%20repo%20public_repo
[info] 
[info] Waiting for authentication...
[debug] [2023-12-22T19:01:47.374Z] >>> [apiv2][query] POST https://github.com/login/oauth/access_token [none]
[debug] [2023-12-22T19:01:47.375Z] >>> [apiv2][body] POST https://github.com/login/oauth/access_token [stream]
[debug] [2023-12-22T19:01:47.747Z] <<< [apiv2][status] POST https://github.com/login/oauth/access_token 200
[debug] [2023-12-22T19:01:47.747Z] <<< [apiv2][body] POST https://github.com/login/oauth/access_token {"access_token":"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","token_type":"bearer","scope":"read:user,repo"}
[debug] [2023-12-22T19:01:47.753Z] >>> [apiv2][query] GET https://api.github.com/user [none]
[debug] [2023-12-22T19:01:48.074Z] <<< [apiv2][status] GET https://api.github.com/user 200
[debug] [2023-12-22T19:01:48.074Z] <<< [apiv2][body] GET https://api.github.com/user {"login":"JoaoPedroSNCruz","id":104801966,"node_id":"U_kgDOBj8mrg","avatar_url":"https://avatars.githubusercontent.com/u/104801966?v=4","gravatar_id":"","url":"https://api.github.com/users/JoaoPedroSNCruz","html_url":"https://github.com/JoaoPedroSNCruz","followers_url":"https://api.github.com/users/JoaoPedroSNCruz/followers","following_url":"https://api.github.com/users/JoaoPedroSNCruz/following{/other_user}","gists_url":"https://api.github.com/users/JoaoPedroSNCruz/gists{/gist_id}","starred_url":"https://api.github.com/users/JoaoPedroSNCruz/starred{/owner}{/repo}","subscriptions_url":"https://api.github.com/users/JoaoPedroSNCruz/subscriptions","organizations_url":"https://api.github.com/users/JoaoPedroSNCruz/orgs","repos_url":"https://api.github.com/users/JoaoPedroSNCruz/repos","events_url":"https://api.github.com/users/JoaoPedroSNCruz/events{/privacy}","received_events_url":"https://api.github.com/users/JoaoPedroSNCruz/received_events","type":"User","site_admin":false,"name":"João Pedro dos Santos Nobre Cruz","company":null,"blog":"","location":null,"email":null,"hireable":null,"bio":null,"twitter_username":null,"public_repos":9,"public_gists":0,"followers":7,"following":11,"created_at":"2022-05-02T23:29:30Z","updated_at":"2023-11-20T20:31:28Z","private_gists":0,"total_private_repos":2,"owned_private_repos":2,"disk_usage":2138,"collaborators":0,"two_factor_authentication":false,"plan":{"name":"free","space":976562499,"collaborators":0,"private_repos":10000}}
[info] 
[info] +  Success! Logged into GitHub as JoaoPedroSNCruz 
[info] 
[debug] [2023-12-22T19:02:32.849Z] >>> [apiv2][query] GET https://api.github.com/repos//actions/secrets/public-key type=owner
[debug] [2023-12-22T19:02:33.148Z] <<< [apiv2][status] GET https://api.github.com/repos//actions/secrets/public-key 404
[debug] [2023-12-22T19:02:33.148Z] <<< [apiv2][body] GET https://api.github.com/repos//actions/secrets/public-key {"message":"Not Found","documentation_url":"https://docs.github.com/rest"}
[info] 
[info] 
[error] !  The provided authorization cannot be used with this repository. If this repository is in an organization, did you remember to grant access? 
[info] 
[info] i  Action required: Visit this URL to ensure access has been granted to the appropriate organization(s) for the Firebase CLI GitHub OAuth App: 
[info] https://github.com/settings/connections/applications/89cf50f02ac6aaed3484
[info] 
[debug] [2023-12-22T19:03:24.689Z] >>> [apiv2][query] GET https://api.github.com/repos/JoaoPedroSNCruz/feedback-about-me/actions/secrets/public-key type=owner
[debug] [2023-12-22T19:03:25.060Z] <<< [apiv2][status] GET https://api.github.com/repos/JoaoPedroSNCruz/feedback-about-me/actions/secrets/public-key 404
[debug] [2023-12-22T19:03:25.060Z] <<< [apiv2][body] GET https://api.github.com/repos/JoaoPedroSNCruz/feedback-about-me/actions/secrets/public-key {"message":"Not Found","documentation_url":"https://docs.github.com/rest/actions/secrets#get-a-repository-public-key"}
[info] 
[info] 
[error] !  The provided authorization cannot be used with this repository. If this repository is in an organization, did you remember to grant access? 
[info] 
[info] i  Action required: Visit this URL to ensure access has been granted to the appropriate organization(s) for the Firebase CLI GitHub OAuth App: 
[info] https://github.com/settings/connections/applications/89cf50f02ac6aaed3484
[info] 
